<?xml version="1.0" encoding="UTF-8"?>
<!-- Generated by org.testng.reporters.JUnitReportReporter -->
<testsuite hostname="Archana-PC" failures="0" tests="3" name="com.cicdcheck.cicdcheck.AppTest" time="110.320" errors="0" timestamp="2022-12-28T11:14:14 IST" skipped="0">
  <testcase classname="com.cicdcheck.cicdcheck.AppTest" name="Test2" time="28.917"/>
  <system-out/>
  <testcase classname="com.cicdcheck.cicdcheck.AppTest" name="Test3" time="58.432"/>
  <system-out/>
  <testcase classname="com.cicdcheck.cicdcheck.AppTest" name="Test1" time="22.971"/>
  <system-out/>
</testsuite> <!-- com.cicdcheck.cicdcheck.AppTest -->
