<?xml version="1.0" encoding="UTF-8"?>
<!-- Generated by org.testng.reporters.JUnitReportReporter -->
<testsuite hostname="Archana-PC" failures="0" tests="3" name="com.cicdcheck.cicdcheck.AppTest" time="55.997" errors="0" timestamp="2022-12-12T23:44:44 IST" skipped="0">
  <testcase classname="com.cicdcheck.cicdcheck.AppTest" name="Test2" time="19.412"/>
  <system-out/>
  <testcase classname="com.cicdcheck.cicdcheck.AppTest" name="Test1" time="21.434"/>
  <system-out/>
  <testcase classname="com.cicdcheck.cicdcheck.AppTest" name="Test3" time="15.151"/>
  <system-out/>
</testsuite> <!-- com.cicdcheck.cicdcheck.AppTest -->
