<?xml version="1.0" encoding="UTF-8"?>
<!-- Generated by org.testng.reporters.JUnitReportReporter -->
<testsuite hostname="Archana-PC" failures="0" tests="3" name="com.cicdcheck.cicdcheck.AppTest" time="96.274" errors="0" timestamp="2022-12-28T04:51:15 IST" skipped="0">
  <testcase classname="com.cicdcheck.cicdcheck.AppTest" name="Test2" time="19.140"/>
  <system-out/>
  <testcase classname="com.cicdcheck.cicdcheck.AppTest" name="Test3" time="18.880"/>
  <system-out/>
  <testcase classname="com.cicdcheck.cicdcheck.AppTest" name="Test1" time="58.254"/>
  <system-out/>
</testsuite> <!-- com.cicdcheck.cicdcheck.AppTest -->
