<?xml version="1.0" encoding="UTF-8"?>
<!-- Generated by org.testng.reporters.JUnitReportReporter -->
<testsuite hostname="Archana-PC" failures="0" tests="3" name="com.cicdcheck.cicdcheck.AppTest" time="100.236" errors="0" timestamp="2022-12-28T10:52:39 IST" skipped="0">
  <testcase classname="com.cicdcheck.cicdcheck.AppTest" name="Test2" time="65.448"/>
  <system-out/>
  <testcase classname="com.cicdcheck.cicdcheck.AppTest" name="Test1" time="19.109"/>
  <system-out/>
  <testcase classname="com.cicdcheck.cicdcheck.AppTest" name="Test3" time="15.679"/>
  <system-out/>
</testsuite> <!-- com.cicdcheck.cicdcheck.AppTest -->
